TN:
SF:src\router.ts
FNF:0
FNH:0
DA:1,2
DA:2,2
DA:3,2
DA:4,2
DA:7,2
DA:9,2
DA:11,2
DA:17,2
DA:24,2
DA:32,2
DA:38,2
DA:44,2
LF:12
LH:12
BRF:0
BRH:0
end_of_record
TN:
SF:src\server.ts
FN:8,connectDB
FN:26,(anonymous_2)
FNF:2
FNH:2
FNDA:3,connectDB
FNDA:1,(anonymous_2)
DA:1,2
DA:2,2
DA:3,2
DA:4,2
DA:8,2
DA:9,3
DA:10,3
DA:11,2
DA:14,1
DA:18,2
DA:20,2
DA:22,2
DA:24,2
DA:26,2
DA:27,1
DA:30,2
LF:16
LH:16
BRF:0
BRH:0
end_of_record
TN:
SF:src\config\db.ts
FNF:0
FNH:0
DA:1,2
DA:2,2
DA:3,2
DA:6,2
DA:11,2
LF:5
LH:5
BRF:0
BRH:0
end_of_record
TN:
SF:src\handlers\robots.ts
FN:6,(anonymous_1)
FN:12,(anonymous_2)
FN:28,(anonymous_3)
FN:34,(anonymous_4)
FN:53,(anonymous_5)
FN:72,(anonymous_6)
FNF:6
FNH:6
FNDA:2,(anonymous_1)
FNDA:2,(anonymous_2)
FNDA:1,(anonymous_3)
FNDA:2,(anonymous_4)
FNDA:2,(anonymous_5)
FNDA:2,(anonymous_6)
DA:2,2
DA:6,2
DA:7,2
DA:8,2
DA:12,2
DA:13,2
DA:14,2
DA:16,2
DA:17,1
DA:20,2
DA:23,1
DA:28,2
DA:29,1
DA:30,1
DA:34,2
DA:35,2
DA:36,2
DA:38,2
DA:39,1
DA:42,2
DA:43,1
DA:45,1
DA:48,1
DA:53,2
DA:54,2
DA:55,2
DA:57,2
DA:58,1
DA:61,2
DA:62,1
DA:64,1
DA:67,1
DA:72,2
DA:73,2
DA:74,2
DA:76,2
DA:77,1
DA:80,2
DA:82,1
DA:85,1
LF:40
LH:40
BRDA:16,0,0,1
BRDA:38,1,0,1
BRDA:57,2,0,1
BRDA:76,3,0,1
BRF:4
BRH:4
end_of_record
TN:
SF:src\middleware\index.ts
FN:5,(anonymous_0)
FNF:1
FNH:1
FNDA:14,(anonymous_0)
DA:2,2
DA:5,2
DA:7,14
DA:8,14
DA:9,5
DA:10,5
DA:12,9
LF:7
LH:7
BRDA:8,0,0,5
BRF:1
BRH:1
end_of_record
TN:
SF:src\models\Robots.model.ts
FNF:0
FNH:0
DA:1,3
DA:7,3
DA:11,3
DA:17,3
DA:20,3
LF:5
LH:5
BRF:0
BRH:0
end_of_record
